[31m[1m
Program panic :(

[0m[31mPlease report this: https://github.com/electrikmilk/cherri/issues/new

[0mpanic: strconv.Atoi: parsing "\"{RepeatItem2}\"": invalid syntax

goroutine 1 [running]:
main.handle({0x3d28838, 0xc00023f500})
	/Users/tim_vergenz/code/cherri/main.go:288 +0x1d7
main.decompArray({0xc000226f20?, 0xc00020d9e0?, 0x3c0f9ce?})
	/Users/tim_vergenz/code/cherri/decompile.go:588 +0x186
main.decompDictionaryItems({0xc000232cc0, 0x2, 0x3c1c2e9?})
	/Users/tim_vergenz/code/cherri/decompile.go:561 +0x3dd
main.decompDictionaryItems({0xc00020d620, 0x3, 0x3c1c2e9?})
	/Users/tim_vergenz/code/cherri/decompile.go:566 +0x25d
main.decompDictionary(0xc0001f1a20)
	/Users/tim_vergenz/code/cherri/decompile.go:529 +0xbd
main.decompileActions()
	/Users/tim_vergenz/code/cherri/decompile.go:225 +0x17a
main.decompile({0xc0001c2000?, 0x0?, 0x0?})
	/Users/tim_vergenz/code/cherri/decompile.go:55 +0x27a
main.main()
	/Users/tim_vergenz/code/cherri/main.go:70 +0x456
